\BOOKMARK [1][-]{section.1}{\376\377\000S\000u\000m\000m\000a\000r\000y}{}% 1
\BOOKMARK [1][-]{section.2}{\376\377\000H\000o\000u\000r\000l\000y\000\040\000A\000c\000c\000o\000u\000n\000t\000i\000n\000g}{}% 2
\BOOKMARK [1][-]{section.3}{\376\377\000I\000n\000t\000r\000o\000d\000u\000c\000t\000i\000o\000n}{}% 3
\BOOKMARK [1][-]{section.4}{\376\377\000P\000r\000o\000j\000e\000c\000t\000\040\000P\000l\000a\000n\000n\000i\000n\000g}{}% 4
\BOOKMARK [1][-]{section.5}{\376\377\000R\000e\000q\000u\000i\000r\000e\000m\000e\000n\000t\000s\000/\000A\000n\000a\000l\000y\000s\000i\000s}{}% 5
\BOOKMARK [2][-]{subsection.5.1}{\376\377\000V\000i\000s\000i\000o\000n\000\040\000o\000f\000\040\000t\000h\000e\000\040\000C\000u\000s\000t\000o\000m\000e\000r}{section.5}% 6
\BOOKMARK [2][-]{subsection.5.2}{\376\377\000R\000e\000q\000u\000i\000r\000e\000m\000e\000n\000t\000s\000\040\000L\000i\000s\000t}{section.5}% 7
\BOOKMARK [2][-]{subsection.5.3}{\376\377\000U\000s\000e\000\040\000C\000a\000s\000e\000\040\000D\000i\000a\000g\000r\000a\000m}{section.5}% 8
\BOOKMARK [2][-]{subsection.5.4}{\376\377\000D\000o\000m\000a\000i\000n\000\040\000M\000o\000d\000e\000l}{section.5}% 9
\BOOKMARK [2][-]{subsection.5.5}{\376\377\000S\000y\000s\000t\000e\000m\000\040\000S\000e\000q\000u\000e\000n\000c\000e\000\040\000D\000i\000a\000g\000r\000a\000m}{section.5}% 10
\BOOKMARK [1][-]{section.6}{\376\377\000D\000e\000s\000i\000g\000n}{}% 11
\BOOKMARK [2][-]{subsection.6.1}{\376\377\000C\000l\000a\000s\000s\000\040\000D\000i\000a\000g\000r\000a\000m}{section.6}% 12
\BOOKMARK [2][-]{subsection.6.2}{\376\377\000S\000e\000q\000u\000e\000n\000c\000e\000\040\000D\000i\000a\000g\000r\000a\000m}{section.6}% 13
\BOOKMARK [1][-]{section.7}{\376\377\000I\000m\000p\000l\000e\000m\000e\000n\000t\000a\000t\000i\000o\000n}{}% 14
\BOOKMARK [1][-]{section.8}{\376\377\000T\000e\000s\000t\000i\000n\000g}{}% 15
\BOOKMARK [1][-]{section.9}{\376\377\000C\000o\000n\000f\000i\000g\000u\000r\000a\000t\000i\000o\000n}{}% 16
\BOOKMARK [2][-]{subsection.9.1}{\376\377\000M\000i\000n\000i\000m\000u\000m\000\040\000R\000e\000q\000u\000i\000r\000e\000m\000e\000n\000t\000s}{section.9}% 17
\BOOKMARK [2][-]{subsection.9.2}{\376\377\000I\000n\000s\000t\000a\000l\000l\000a\000t\000i\000o\000n\000\040\000a\000n\000d\000\040\000R\000u\000n\000n\000i\000n\000g\000\040\000I\000n\000s\000t\000r\000u\000c\000t\000i\000o\000n\000s}{section.9}% 18
\BOOKMARK [1][-]{section.10}{\376\377\000C\000o\000n\000c\000l\000u\000s\000i\000o\000n}{}% 19
\BOOKMARK [1][-]{section.11}{\376\377\000A\000p\000p\000e\000n\000d\000i\000x}{}% 20
\BOOKMARK [2][-]{subsection.11.1}{\376\377\000L\000i\000t\000e\000r\000a\000t\000u\000r\000e}{section.11}% 21
\BOOKMARK [2][-]{subsection.11.2}{\376\377\000C\000o\000d\000e}{section.11}% 22
\BOOKMARK [2][-]{subsection.11.3}{\376\377\000F\000i\000g\000u\000r\000e\000s}{section.11}% 23
